<?xml version="1.0" encoding="utf-8"?><testsuites><testsuite errors="0" failures="0" hostname="LAPTOP-QDRLIADU" name="pytest" skipped="0" tests="4" time="6.597" timestamp="2020-05-17T14:59:30.135590"><testcase classname="test_submit" file="test_submit.py" line="3" name="test_q1" time="0.195"></testcase><testcase classname="test_submit" file="test_submit.py" line="8" name="test_q2" time="0.062"></testcase><testcase classname="test_submit" file="test_submit.py" line="13" name="test_q3" time="0.212"></testcase><testcase classname="test_submit" file="test_submit.py" line="18" name="test_q4" time="0.425"></testcase></testsuite></testsuites>